100A1B1100193900191100190C00191000185600185800181F00185300191700193000193B00194400193900194000190C00183300182800184100190800191F00192700193A00194300194300194D00185700184B00185500191800192C00
100B03090F1A5F00
100B0309101A2400
100B0309111A3500
100B0309121A2700
100B0309131A3C00
100B0309141A2B001A2600
100B0309161A1C00
100B0309161A1C00
100B0309171A3000
100B0309181A4500
100B0309191A3700
100B03091A1A4300
100B03091B1A4700
100B03091C1A4300
100B03091D1A4C00
100B03091E1A3C00
100B03091F1A3100
100B0309201A2C00
100B0309211A2F001A29001A27001A2A001A1100
100B0309261A29001A1A00
100B0309261A29001A1A00
100B0309261A29001A1A00
100B0309261A29001A1A00
100B0309261A29001A1A00
100B0309261A29001A1A001A0C001A2B00
100B0309261A29001A1A001A0C001A2B00
100B0309261A29001A1A001A0C001A2B00
100B0309261A29001A1A001A0C001A2B00
100B0309261A29001A1A001A0C001A2B00
100B0309261A29001A1A001A0C001A2B001A2C00
100B0309261A29001A1A001A0C001A2B001A2C00
100B0309261A29001A1A001A0C001A2B001A2C00
100B0309261A29001A1A001A0C001A2B001A2C00
100B0309261A29001A1A001A0C001A2B001A2C00
100B0309261A29001A1A001A0C001A2B001A2C001A2800
100B0309261A29001A1A001A0C001A2B001A2C001A2800
100B0309261A29001A1A001A0C001A2B001A2C001A2800
100B0309261A29001A1A001A0C001A2B001A2C001A2800
100B0309261A29001A1A001A0C001A2B001A2C001A2800
100B0309261A29001A1A001A0C001A2B001A2C001A28001A1300
100B0309261A29001A1A001A0C001A2B001A2C001A28001A1300
100B0309261A29001A1A001A0C001A2B001A2C001A28001A1300
100B0309261A29001A1A001A0C001A2B001A2C001A28001A1300
100B0309261A29001A1A001A0C001A2B001A2C001A28001A1300
100B0309261A29001A1A001A0C001A2B001A2C001A28001A13001A1400
100B0309261A29001A1A001A0C001A2B001A2C001A28001A13001A1400
100B0309261A29001A1A001A0C001A2B001A2C001A28001A13001A1400
100B0309261A29001A1A001A0C001A2B001A2C001A28001A13001A1400
100B0309261A29001A1A001A0C001A2B001A2C001A28001A13001A1400
100B0309261A29001A1A001A0C001A2B001A2C001A28001A13001A14001A1200
100B0309261A29001A1A001A0C001A2B001A2C001A28001A13001A14001A1200
100B0309261A29001A1A001A0C001A2B001A2C001A28001A13001A14001A1200
100B0309261A29001A1A001A0C001A2B001A2C001A28001A13001A14001A1200
100B0309261A29001A1A001A0C001A2B001A2C001A28001A13001A14001A1200
100B0309261A29001A1A001A0C001A2B001A2C001A28001A13001A14001A1200
100B030A071A3300
100B030A081A4400
100B030A091A3100
100B030A0A1A2E00
100B030A0B1A4300
100B030A0C1A2000
100B030A0D1A3800
100B030A0E1A2800
100B030A0F1A2C00
100B030A101A3000
100B030A111A4F00
100B030A121A4400
100B030A131A4B00
100B030A141A5500
100B030A151A5C00
100B030A161A6100
100B030A171A5100
100B030A181A5F00
100B030A191A4F00
100B030A191A4F00
100B030A191A4F00
100B030A191A4F00
100B030A191A4F00
100B030A191A4F001A5C00
100B030A191A4F001A5C00
100B030A191A4F001A5C00
100B030A191A4F001A5C00
100B030A191A4F001A5C00
100B030A191A4F001A5C001A5500
100B030A191A4F001A5C001A5500
100B030A191A4F001A5C001A5500
100B030A191A4F001A5C001A5500
100B030A191A4F001A5C001A5500
100B030A191A4F001A5C001A55001A4C00
100B030A191A4F001A5C001A55001A4C00
100B030A191A4F001A5C001A55001A4C00
100B030A191A4F001A5C001A55001A4C00
100B030A191A4F001A5C001A55001A4C00
100B030A191A4F001A5C001A55001A4C001A4300
100B030A191A4F001A5C001A55001A4C001A4300
100B030A191A4F001A5C001A55001A4C001A4300
100B030A191A4F001A5C001A55001A4C001A4300
100B030A191A4F001A5C001A55001A4C001A4300
100B030A191A4F001A5C001A55001A4C001A43001A3800
100B030A191A4F001A5C001A55001A4C001A43001A3800
100B030A191A4F001A5C001A55001A4C001A43001A3800
100B030A191A4F001A5C001A55001A4C001A43001A3800
100B030A191A4F001A5C001A55001A4C001A43001A3800
100B030A191A4F001A5C001A55001A4C001A43001A38001A2F00
100B030A191A4F001A5C001A55001A4C001A43001A38001A2F00
100B030A191A4F001A5C001A55001A4C001A43001A38001A2F00
100B030A191A4F001A5C001A55001A4C001A43001A38001A2F00
100B030A191A4F001A5C001A55001A4C001A43001A38001A2F00
100B030A191A4F001A5C001A55001A4C001A43001A38001A2F001A3100
100B030A191A4F001A5C001A55001A4C001A43001A38001A2F001A3100
100B030A191A4F001A5C001A55001A4C001A43001A38001A2F001A3100
100B030A191A4F001A5C001A55001A4C001A43001A38001A2F001A3100
100B030A191A4F001A5C001A55001A4C001A43001A38001A2F001A3100
100B030A191A4F001A5C001A55001A4C001A43001A38001A2F001A31001A1600
100B030A191A4F001A5C001A55001A4C001A43001A38001A2F001A31001A1600
100B030A191A4F001A5C001A55001A4C001A43001A38001A2F001A31001A1600
100B030A191A4F001A5C001A55001A4C001A43001A38001A2F001A31001A1600
100B030A191A4F001A5C001A55001A4C001A43001A38001A2F001A31001A16001A36001A48001A3E001A3000
100B030A191A4F001A5C001A55001A4C001A43001A38001A2F001A31001A16001A36001A48001A3E001A3000
100B030A191A4F001A5C001A55001A4C001A43001A38001A2F001A31001A16001A36001A48001A3E001A3000
100B030A191A4F001A5C001A55001A4C001A43001A38001A2F001A31001A16001A36001A48001A3E001A3000
100B030A191A4F001A5C001A55001A4C001A43001A38001A2F001A31001A16001A36001A48001A3E001A30001A3400
100B030A191A4F001A5C001A55001A4C001A43001A38001A2F001A31001A16001A36001A48001A3E001A30001A3400
100B030A191A4F001A5C001A55001A4C001A43001A38001A2F001A31001A16001A36001A48001A3E001A30001A3400
100B030A191A4F001A5C001A55001A4C001A43001A38001A2F001A31001A16001A36001A48001A3E001A30001A3400
100B030A191A4F001A5C001A55001A4C001A43001A38001A2F001A31001A16001A36001A48001A3E001A30001A3400
100B030A191A4F001A5C001A55001A4C001A43001A38001A2F001A31001A16001A36001A48001A3E001A30001A3400
100B030A191A4F001A5C001A55001A4C001A43001A38001A2F001A31001A16001A36001A48001A3E001A30001A3400
100B030A191A4F001A5C001A55001A4C001A43001A38001A2F001A31001A16001A36001A48001A3E001A30001A3400
100B030A191A4F001A5C001A55001A4C001A43001A38001A2F001A31001A16001A36001A48001A3E001A30001A3400
100B030A191A4F001A5C001A55001A4C001A43001A38001A2F001A31001A16001A36001A48001A3E001A30001A3400
100B030A191A4F001A5C001A55001A4C001A43001A38001A2F001A31001A16001A36001A48001A3E001A30001A3400
100B030A191A4F001A5C001A55001A4C001A43001A38001A2F001A31001A16001A36001A48001A3E001A30001A3400
100B030A191A4F001A5C001A55001A4C001A43001A38001A2F001A31001A16001A36001A48001A3E001A30001A3400
100B030A191A4F001A5C001A55001A4C001A43001A38001A2F001A31001A16001A36001A48001A3E001A30001A3400
100B030A191A4F001A5C001A55001A4C001A43001A38001A2F001A31001A16001A36001A48001A3E001A30001A3400
100B030A191A4F001A5C001A55001A4C001A43001A38001A2F001A31001A16001A36001A48001A3E001A30001A3400
100B030A321B1F00
100B030A331A5800
100B030A331A5800
100B030A331A5800
100B030A331A5800
100B030A331A5800
100B030A331A58001A4400
100B030A331A58001A4400
100B030A331A58001A4400
100B030A331A58001A4400
100B030A331A58001A4400
100B030A331A58001A44001A5400
100B030A331A58001A44001A5400
100B030A331A58001A44001A5400
100B030A331A58001A44001A5400
100B030A331A58001A44001A5400
100B030A331A58001A44001A54001B0600
100B030A331A58001A44001A54001B0600
100B030A331A58001A44001A54001B0600
100B030A331A58001A44001A54001B0600
100B030A331A58001A44001A54001B0600
100B030A331A58001A44001A54001B06001A42001A5D001A42001A48001A3B001A34001A45001A3C001A3C001A42001A4A001A4E001A45001A5600
100B030B091A59001A5C001B03001B05001B02001A58001B15001B08001B09001B0D001A44001A47001A5B00
100B030B091A59001A5C001B03001B05001B02001A58001B15001B08001B09001B0D001A44001A47001A5B00
100B030B091A59001A5C001B03001B05001B02001A58001B15001B08001B09001B0D001A44001A47001A5B00
100B030B091A59001A5C001B03001B05001B02001A58001B15001B08001B09001B0D001A44001A47001A5B00
100B030B091A59001A5C001B03001B05001B02001A58001B15001B08001B09001B0D001A44001A47001A5B00
100B030B091A59001A5C001B03001B05001B02001A58001B15001B08001B09001B0D001A44001A47001A5B00
100B030B1D1B4300
100B030B1E1A6100
100B030B1F1A5A00
100B030B201A6100
100B030B211B2C00
100B030B221B18001B1A00
100B030B241B1C00
100B030B241B1C00
100B030B241B1C00
100B030B241B1C00
100B030B241B1C00
100B030B241B1C001A6200
100B030B241B1C001A6200
100B030B241B1C001A6200
100B030B241B1C001A6200
100B030B241B1C001A6200
100B030B241B1C001A62001B1A00
100B030B241B1C001A62001B1A00
100B030B241B1C001A62001B1A00
100B030B241B1C001A62001B1A00
100B030B241B1C001A62001B1A00
100B030B241B1C001A62001B1A001B1C001B0700
100B030B291B1300
100B030B2A1B1A001B05001B0E00
100B030B2D1B1C00
100B030B2E1A4000
100B030B2F1A3500
100B030B301A5A00
100B030B311A5900
100B030B321A5D00
100B030B331A3400
100B030B341A4500
100B030B351A5600
100B030B361A4300
100B030B371B03001A60001A5000
100B030B371B03001A60001A5000
100B030B371B03001A60001A5000
100B030B371B03001A60001A5000
100B030B371B03001A60001A5000
100B030B371B03001A60001A50001A5900
100B030B371B03001A60001A50001A5900
100B030B371B03001A60001A50001A5900
100B030B371B03001A60001A50001A5900
100B030B371B03001A60001A50001A5900
100B030B371B03001A60001A50001A59001A5E001A5600
100B030C041B3B00
100B030C051A6000
100B030C061A5F00
100B030C071B0C00
100B030C081B0C00
100B030C091A5600
100B030C0A1A5400
100B030C0B1A5E00
100B030C0C1A3C00
100B030C0D1A4F00
100B030C0E1A3F00
100B030C0F1A6000
100B030C101A3F00
100B030C111A1400
100B030C121A2E00
100B030C131A0A00
100B030C141A4C001A1F001A3B001A21001A3B001A30001A37001A40001A2F001A44001A37001A53001A47001A56001A50001A4900
100B030E1F175600
100B030E20175A00
100B030E21175B00
100B030E22180900
100B030E23181B00
100B030E24182400
100B030E25182E00
100B030E26183400183D00
100B030E28182A00
100B030E29180600
100B030E2A174F00173700174F00
100B030E2D175C00180700181400
100B030E30181F00
100B030E31182C00
100B030E32180200176200175800
100B030E35175C00
100B030E36180700
100B030E37181700
100B030E38182600
100B030E39183600
100B030E3A183400
100B030E3B184400184300183100
100B030F02176100
100B030F061B2D00
100B030F07183600183E00184700
100B030F0A184A00
100B030F0B184D00
100B030F0C183800
100B030F0D180D00175F00176000180C00
100B030F11181B00
100B030F12182C00
100B030F13183B00184200
100B030F15184700
100B030F16184E00
100B030F17182000
100B030F18180C00
100B030F19180900
100B030F1A180800
100B030F1B181800182300183100
100B030F1E183E00
100B030F1F184400
100B030F20184B00184A00182700174D00174500
100B030F25175800
100B030F2A183400
100B030F2B183E00
100B030F2C184A00
100B030F2D184C00
100B030F2E184D00
100B030F2F183F00
100B030F30182D00
100B030F31180D00
100B030F32181300
100B030F33175400
100B030F34174B00
100B030F35172400
100B030F36165F00
100B030F37170B00
100B030F38172A00
100B030F39172E00173C00
100B030F3B174700
100B031000175800
100B031001174A00
100B031002172800
100B031003172A00
100B031004172C00
100B031005172900172D00172D00171200
100B031009171B00
100B03100A170D00
100B03100B170700
100B03100C171D00
