100B03100D172F00
100B070F351A5300
100B070F36205700
100B070F371A0800
100B070F38214E00
100B070F39210400
100B070F3A1B1F00
100B070F3B1B0300
100B0710001B0900
100B0710011B0A00
100B0710021B1F00
100B0710031B1900
100B0710041B1400
100B0710051B0D00
100B0710061B2D00
100B0710071B1700
100B0710081E5900
100B0710091B1A00
100B07100A1B4F00
100B07100B1B0500
100B07100C1B0200
100B07100D1B0A00
100B07100E1A6100
100B07100F1A5C00
100B0710101B0500
100B0710111A49001A39001A2C001A15001A16001A44001A1C001A32001A44001A41001A3F00
100B07101C1A3A00
100B07101F1C2E00
100B0710201B1C00
100B0710211B0000
100B0710221A6200
100B0710231B0000
100B0710241B0900
100B0710251A45001A40001A46001A1900
100B0710291A3A00
100B07102A1A6100
100B07102B1A3300
100B07102C1A3400
100B07102D1A2F00
100B07102E1A3000
100B07102F1A0B00
100B0710301A4C00
100B0710311A2F00
100B0710321A5500
100B0710331A4B00
100B0710341A4700
100B0710351B0000
100B0710361A4E00
100B0710371B0000
100B0710381B16001B2100
100B07103A1B09001B2500
100B07103A1B09001B2500
100B07103A1B09001B2500
100B0711001A4600
100B0711011A4D00
100B0711021A4F00
