1101040E251B3900
1101040E26234000
1101040E27242D00
1101040E28243C00
1101040E29244000
1101040E2A244400244500244100244A00
1101040E2E245500
1101040E2F245E00
1101040E30246000
1101040E31245F00
1101040E32250200
1101040E33250500
1101040E34250400
1101040E251B3900
1101040E26234000
1101040E27242D00
1101040E28243C00
1101040E29244000
1101040E2A244400244500244100244A00
1101040E2E245500
1101040E2F245E00
1101040E30246000
1101040E31245F00
1101040E32250200
1101040E33250500
1101040E34250400
1101040E251B3900
1101040E26234000
1101040E27242D00
1101040E28243C00
1101040E29244000
1101040E2A244400244500244100244A00
1101040E2E245500
1101040E2F245E00
1101040E30246000
1101040E31245F00
1101040E32250200
1101040E33250500
1101040E34250400
1101040E251B3900
1101040E26234000
1101040E27242D00
1101040E28243C00
1101040E29244000
1101040E2A244400244500244100244A00
1101040E2E245500
1101040E2F245E00
1101040E30246000
1101040E31245F00
1101040E32250200
1101040E33250500
1101040E34250400
1101040E251B3900
1101040E26234000
1101040E27242D00
1101040E28243C00
1101040E29244000
1101040E2A244400244500244100244A00
1101040E2E245500
1101040E2F245E00
1101040E30246000
1101040E31245F00
1101040E32250200
1101040E33250500
1101040E34250400
1101040E251B3900
1101040E26234000
1101040E27242D00
1101040E28243C00
1101040E29244000
1101040E2A244400244500244100244A00
1101040E2E245500
1101040E2F245E00
1101040E30246000
1101040E31245F00
1101040E32250200
1101040E33250500
1101040E34250400
1101040E251B3900
1101040E26234000
1101040E27242D00
1101040E28243C00
1101040E29244000
1101040E2A244400244500244100244A00
1101040E2E245500
1101040E2F245E00
1101040E30246000
1101040E31245F00
1101040E32250200
1101040E33250500
1101040E34250400
1101040E251B3900
1101040E26234000
1101040E27242D00
1101040E28243C00
1101040E29244000
1101040E2A244400244500244100244A00
1101040E2E245500
1101040E2F245E00
1101040E30246000
1101040E31245F00
1101040E32250200
1101040E33250500
1101040E34250400